TN:test
SF:/home/il/Рабочий стол/suzannpi/back/src/tests.check
FN:6,one_fn
FNDA:1,one_fn
FN:22,two_fn
FNDA:1,two_fn
FN:33,three_fn
FNDA:1,three_fn
FN:43,four_fn
FNDA:1,four_fn
FN:56,five_fn
FNDA:1,five_fn
FN:68,six_fn
FNDA:1,six_fn
FN:78,seven_fn
FNDA:1,seven_fn
FN:90,eight_fn
FNDA:1,eight_fn
FN:117,nine_fn
FNDA:1,nine_fn
FN:131,ten_fn
FNDA:1,ten_fn
FN:137,eleven_fn
FNDA:1,eleven_fn
FN:145,twelve_fn
FNDA:1,twelve_fn
FN:153,thirteen_fn
FNDA:1,thirteen_fn
FN:159,fourteen_fn
FNDA:1,fourteen_fn
FN:170,fifteen_fn
FNDA:1,fifteen_fn
FN:196,to_upper_fn
FNDA:1,to_upper_fn
FN:205,to_lower_fn
FNDA:1,to_lower_fn
FN:214,insert_fn
FNDA:1,insert_fn
FN:233,trim_fn
FNDA:1,trim_fn
FN:236,sprintf_c_fn
FNDA:1,sprintf_c_fn
FN:252,sprintf_d_fn
FNDA:1,sprintf_d_fn
FN:277,sprintf_u_fn
FNDA:1,sprintf_u_fn
FN:288,sprintf_i_fn
FNDA:1,sprintf_i_fn
FN:301,sprintf_G_g_fn
FNDA:1,sprintf_G_g_fn
FN:314,percent_fn
FNDA:1,percent_fn
FN:319,sprintf_s_fn
FNDA:1,sprintf_s_fn
FN:338,sprintf_f_fn
FNDA:1,sprintf_f_fn
FN:361,sscanf21_fn
FNDA:1,sscanf21_fn
FN:394,main
FNDA:30,main
FN:398,sscanf_n_fn
FNDA:1,sscanf_n_fn
DA:6,1
DA:7,61
DA:8,60
DA:10,1
DA:11,1
DA:12,1
DA:13,1
DA:14,1
DA:15,1
DA:16,1
DA:17,1
DA:18,1
DA:19,1
DA:21,1
DA:22,1
DA:23,1
DA:24,1
DA:25,1
DA:27,1
DA:28,1
DA:30,2
DA:31,1
DA:32,19
DA:33,1
DA:34,18
DA:35,18
DA:36,18
DA:37,18
DA:39,1
DA:40,1
DA:42,1
DA:43,1
DA:44,12
DA:45,11
DA:47,1
DA:48,1
DA:50,1
DA:51,1
DA:52,1
DA:53,1
DA:55,1
DA:56,1
DA:57,1
DA:58,1
DA:59,1
DA:60,1
DA:61,1
DA:62,1
DA:63,1
DA:64,1
DA:65,1
DA:67,1
DA:68,1
DA:69,1
DA:70,1
DA:71,1
DA:72,1
DA:73,1
DA:74,1
DA:75,1
DA:77,1
DA:78,1
DA:79,1
DA:80,1
DA:81,1
DA:82,1
DA:83,1
DA:84,1
DA:85,1
DA:86,1
DA:87,1
DA:89,1
DA:90,1
DA:91,1
DA:92,17
DA:93,16
DA:95,1
DA:96,1
DA:97,1
DA:98,1
DA:99,1
DA:100,1
DA:101,1
DA:102,1
DA:104,1
DA:105,1
DA:106,1
DA:107,1
DA:109,1
DA:110,1
DA:111,1
DA:112,1
DA:113,1
DA:114,1
DA:115,1
DA:116,1
DA:117,1
DA:118,1
DA:119,1
DA:120,1
DA:121,1
DA:122,1
DA:123,1
DA:124,1
DA:125,1
DA:126,1
DA:127,1
DA:128,1
DA:130,136
DA:131,136
DA:133,1
DA:134,1
DA:136,1
DA:137,2
DA:138,1
DA:139,1
DA:140,1
DA:142,1
DA:143,1
DA:145,2
DA:146,1
DA:147,1
DA:149,1
DA:150,1
DA:151,1
DA:152,1
DA:153,2
DA:154,1
DA:155,1
DA:156,1
DA:158,1
DA:159,1
DA:161,1
DA:162,1
DA:163,1
DA:164,1
DA:165,1
DA:166,1
DA:167,1
DA:168,1
DA:169,1
DA:170,1
DA:171,1
DA:172,1
DA:173,1
DA:174,11
DA:175,10
DA:176,10
DA:177,10
DA:180,1
DA:181,1
DA:182,1
DA:183,1
DA:184,1
DA:185,1
DA:186,1
DA:187,1
DA:188,1
DA:189,1
DA:190,1
DA:193,1
DA:194,1
DA:195,1
DA:196,2
DA:197,1
DA:198,1
DA:199,1
DA:201,1
DA:202,1
DA:203,1
DA:204,1
DA:205,2
DA:206,1
DA:207,1
DA:208,1
DA:210,1
DA:211,1
DA:212,1
DA:213,1
DA:214,1
DA:217,1
DA:220,1
DA:223,1
DA:225,1
DA:226,1
DA:227,2
DA:228,1
DA:229,1
DA:230,2
DA:232,1
DA:233,2
DA:235,514
DA:236,1
DA:238,513
DA:239,513
DA:241,513
DA:249,1
DA:251,8194
DA:252,1
DA:254,8193
DA:257,8193
DA:260,8193
DA:261,8193
DA:264,8193
DA:267,8193
DA:268,8193
DA:269,12291
DA:272,8193
DA:274,1
DA:275,4097
DA:277,1
DA:278,4097
DA:279,4097
DA:280,4097
DA:283,4097
DA:284,1
DA:285,3
DA:288,1
DA:291,2
DA:294,2
DA:295,2
DA:296,2
DA:298,1
DA:299,1
DA:300,1
DA:301,1
DA:303,1
DA:306,1
DA:307,1
DA:308,1
DA:310,1
DA:311,1
DA:313,1
DA:314,1
DA:315,1
DA:316,1
DA:319,1
DA:320,1
DA:321,1
DA:322,1
DA:323,1
DA:324,1
DA:326,1
DA:327,1
DA:328,1
DA:330,1
DA:331,1
DA:332,1
DA:334,1
DA:335,1
DA:337,1
DA:338,1
DA:340,1
DA:344,1
DA:345,1
DA:348,1
DA:350,1
DA:352,2
DA:353,1
DA:354,1
DA:356,1
DA:357,1
DA:358,1
DA:360,1
DA:361,1
DA:362,1
DA:363,1
DA:365,1
DA:367,1
DA:369,1
DA:370,1
DA:372,1
DA:375,1
DA:376,1
DA:378,1
DA:379,1
DA:380,1
DA:382,1
DA:383,1
DA:384,1
DA:386,2
DA:387,1
DA:388,2
DA:390,1
DA:391,2
DA:393,1
DA:394,30
DA:395,30
DA:396,30
DA:397,30
DA:398,1
DA:400,30
DA:401,30
DA:402,30
DA:403,30
DA:404,30
DA:405,30
DA:406,30
DA:407,30
DA:408,30
DA:409,30
DA:410,30
DA:411,30
DA:412,30
DA:413,30
DA:414,30
DA:415,30
DA:416,30
DA:417,30
DA:418,30
DA:419,30
DA:420,30
DA:421,30
DA:422,30
DA:423,30
DA:424,30
DA:425,30
DA:426,30
DA:427,30
DA:428,30
DA:429,30
DA:431,30
DA:432,1
DA:433,1
DA:435,1
end_of_record
TN:test
SF:/home/il/Рабочий стол/suzannpi/back/src/s21_string.c
FN:8,s21_memchr
FNDA:69,s21_memchr
FN:23,s21_memcmp
FNDA:5,s21_memcmp
FN:36,s21_memcpy
FNDA:37,s21_memcpy
FN:48,s21_memset
FNDA:434885,s21_memset
FN:57,s21_strncat
FNDA:4,s21_strncat
FN:68,s21_strchr
FNDA:1602953,s21_strchr
FN:85,s21_strncmp
FNDA:16,s21_strncmp
FN:101,s21_strncpy
FNDA:60,s21_strncpy
FN:117,s21_strcspn
FNDA:10,s21_strcspn
FN:132,s21_strerror
FNDA:136,s21_strerror
FN:146,s21_strlen
FNDA:352416,s21_strlen
FN:160,s21_strpbrk
FNDA:5,s21_strpbrk
FN:178,s21_strrchr
FNDA:11,s21_strrchr
FN:199,s21_strstr
FNDA:7,s21_strstr
FN:219,s21_strtok
FNDA:16,s21_strtok
FN:243,s21_to_upper
FNDA:9,s21_to_upper
FN:262,s21_to_lower
FNDA:5,s21_to_lower
FN:284,s21_insert
FNDA:9,s21_insert
FN:307,s21_trim
FNDA:3,s21_trim
FN:331,s21_isInt
FNDA:1914859,s21_isInt
FN:335,s21_sprintf
FNDA:33300,s21_sprintf
FN:361,s21_checkSpec
FNDA:791600,s21_checkSpec
FN:363,s21_strHandler
FNDA:350895,s21_strHandler
FN:396,s21_getSpace
FNDA:563972,s21_getSpace
FN:414,s21_flagParse
FNDA:552192,s21_flagParse
FN:432,s21_cHandler
FNDA:350895,s21_cHandler
FN:450,s21_changeSpace
FNDA:350895,s21_changeSpace
FN:458,s21_addSpace
FNDA:97296,s21_addSpace
FN:472,s21_getFromChar
FNDA:2570,s21_getFromChar
FN:486,s21_getFromInt
FNDA:348241,s21_getFromInt
FN:522,checkNanInf
FNDA:71,checkNanInf
FN:535,s21_getFromFlt
FNDA:71,s21_getFromFlt
FN:559,s21_flagN
FNDA:0,s21_flagN
FN:564,s21_getFromStr
FNDA:13,s21_getFromStr
FN:578,s21_recordToStr
FNDA:350895,s21_recordToStr
FN:592,s21_itoa
FNDA:348694,s21_itoa
FN:622,s21_itoaPreFlags
FNDA:348694,s21_itoaPreFlags
FN:648,s21_ftoa
FNDA:71,s21_ftoa
FN:679,s21_ftoaIntPartExp
FNDA:14,s21_ftoaIntPartExp
FN:699,s21_ftoaRecIntPart
FNDA:71,s21_ftoaRecIntPart
FN:710,s21_ftoaDecPart
FNDA:59,s21_ftoaDecPart
FN:744,s21_ftoaLastDec
FNDA:13,s21_ftoaLastDec
FN:768,s21_specG
FNDA:14,s21_specG
FN:781,s21_ftoaRewriteG
FNDA:14,s21_ftoaRewriteG
FN:813,s21_rewriteSpecF
FNDA:11,s21_rewriteSpecF
FN:848,s21_intLength
FNDA:697006,s21_intLength
FN:861,s21_reallocStr
FNDA:348325,s21_reallocStr
FN:873,s21_sscanf
FNDA:13,s21_sscanf
FN:911,s21_readSpecPtrChange
FNDA:30,s21_readSpecPtrChange
FN:934,s21_checkOpt
FNDA:42,s21_checkOpt
FN:967,s21_recordChar
FNDA:3,s21_recordChar
FN:976,s21_recordInt
FNDA:11,s21_recordInt
FN:1015,s21_recordFloat
FNDA:1,s21_recordFloat
FN:1038,s21_recordStr
FNDA:3,s21_recordStr
FN:1059,s21_recSum
FNDA:1,s21_recSum
FN:1066,s21_checkRest
FNDA:8,s21_checkRest
FN:1084,s21_atoiPlus
FNDA:15,s21_atoiPlus
FN:1114,s21_atofPlus
FNDA:1,s21_atofPlus
FN:1155,s21_leftTrim
FNDA:60,s21_leftTrim
FN:1164,s21_getZeroArr
FNDA:350920,s21_getZeroArr
FN:1170,s21_freeStr
FNDA:350917,s21_freeStr
DA:8,69
DA:9,69
DA:10,69
DA:12,1248
DA:13,1179
DA:14,39
DA:15,39
DA:17,69
DA:23,5
DA:24,5
DA:25,5
DA:27,53
DA:28,48
DA:30,5
DA:36,37
DA:37,37
DA:38,37
DA:40,343
DA:41,306
DA:43,37
DA:48,434885
DA:49,434885
DA:50,8848634
DA:51,8413749
DA:53,434885
DA:57,4
DA:58,4
DA:59,9
DA:60,5
DA:62,4
DA:63,4
DA:68,1602953
DA:69,1602953
DA:70,1602953
DA:71,12427180
DA:72,10824227
DA:73,787965
DA:74,787965
DA:76,10824227
DA:78,1602953
DA:79,18
DA:81,1602953
DA:85,16
DA:86,16
DA:87,16
DA:88,133
DA:89,117
DA:90,13
DA:91,13
DA:93,117
DA:94,1
DA:97,16
DA:101,60
DA:102,60
DA:103,680
DA:104,623
DA:106,57
DA:107,1
DA:110,60
DA:117,10
DA:118,10
DA:119,10
DA:120,84
DA:121,253
DA:122,179
DA:124,74
DA:126,10
DA:132,136
DA:133,136
DA:134,136
DA:135,136
DA:136,134
DA:139,2
DA:140,2
DA:142,136
DA:146,352416
DA:147,352416
DA:148,352416
DA:149,4067768
DA:150,3715367
DA:153,352416
DA:160,5
DA:161,5
DA:162,5
DA:163,27
DA:164,22
DA:165,22
DA:166,22
DA:167,4
DA:168,4
DA:171,5
DA:178,11
DA:179,11
DA:180,11
DA:181,69
DA:182,58
DA:183,58
DA:184,58
DA:186,11
DA:187,11
DA:188,11
DA:189,7
DA:191,4
DA:193,11
DA:199,7
DA:200,7
DA:201,7
DA:202,89
DA:203,82
DA:204,139
DA:205,57
DA:206,57
DA:209,7
DA:210,7
DA:211,7
DA:219,16
DA:221,16
DA:222,16
DA:223,16
DA:224,19
DA:225,5
DA:227,14
DA:228,75
DA:229,61
DA:231,14
DA:232,9
DA:233,9
DA:235,5
DA:236,5
DA:239,16
DA:243,9
DA:244,9
DA:245,9
DA:246,9
DA:247,7
DA:249,9
DA:250,7
DA:251,105
DA:252,98
DA:253,13
DA:256,7
DA:258,9
DA:262,5
DA:263,5
DA:264,5
DA:265,5
DA:266,5
DA:268,5
DA:269,5
DA:270,43
DA:271,38
DA:272,7
DA:275,5
DA:277,5
DA:284,9
DA:285,9
DA:286,9
DA:287,9
DA:288,7
DA:289,7
DA:291,9
DA:292,7
DA:293,54
DA:294,155
DA:295,96
DA:296,7
DA:298,9
DA:307,3
DA:308,3
DA:309,3
DA:310,3
DA:311,3
DA:312,5
DA:313,2
DA:315,6
DA:316,3
DA:318,3
DA:320,3
DA:321,3
DA:322,3
DA:323,139
DA:324,136
DA:326,3
DA:328,3
DA:331,1914859
DA:332,1914859
DA:335,33300
DA:337,33300
DA:338,33300
DA:339,824900
DA:340,791600
DA:341,350895
DA:342,350895
DA:343,350895
DA:344,350895
DA:345,350895
DA:346,350895
DA:347,350895
DA:348,350895
DA:349,350895
DA:350,350895
DA:352,440705
DA:353,440705
DA:356,33300
DA:357,33300
DA:358,33300
DA:361,791600
DA:363,350895
DA:364,350895
DA:365,350895
DA:366,350895
DA:367,552192
DA:368,201297
DA:370,350895
DA:371,552192
DA:372,201297
DA:374,350895
DA:376,350895
DA:377,24580
DA:378,24580
DA:380,350895
DA:381,270437
DA:382,270437
DA:383,213077
DA:384,213077
DA:385,57360
DA:386,24580
DA:387,24580
DA:389,32780
DA:392,350895
DA:393,350895
DA:396,563972
DA:397,563972
DA:398,563972
DA:399,0
DA:400,0
DA:401,0
DA:403,1092067
DA:404,528095
DA:405,528095
DA:406,528095
DA:408,563972
DA:409,0
DA:411,563972
DA:414,552192
DA:415,552192
DA:416,552192
DA:417,552192
DA:418,201299
DA:419,201299
DA:420,201299
DA:421,201299
DA:422,201299
DA:423,114724
DA:424,201299
DA:425,201299
DA:426,201299
DA:427,201299
DA:429,552192
DA:432,350895
DA:433,350895
DA:434,350895
DA:435,350895
DA:436,2570
DA:437,348325
DA:438,348241
DA:439,348241
DA:440,84
DA:441,71
DA:442,71
DA:443,71
DA:444,13
DA:445,13
DA:447,350895
DA:450,350895
DA:451,350895
DA:452,253599
DA:454,97296
DA:456,350895
DA:458,97296
DA:459,97296
DA:460,97296
DA:461,0
DA:463,97296
DA:464,37389
DA:466,1027649
DA:467,930353
DA:469,97296
DA:472,2570
DA:474,2570
DA:475,2565
DA:477,5
DA:479,2570
DA:480,15
DA:482,2570
DA:483,2570
DA:486,348241
DA:487,348241
DA:488,348241
DA:490,348241
DA:491,0
DA:492,0
DA:493,0
DA:494,348241
DA:495,2
DA:496,0
DA:498,2
DA:500,348239
DA:501,2
DA:502,0
DA:504,2
DA:507,348237
DA:508,86037
DA:510,262200
DA:513,348241
DA:514,348241
DA:515,348241
DA:516,348241
DA:517,348241
DA:518,348241
DA:519,348241
DA:522,71
DA:523,71
DA:524,0
DA:525,71
DA:526,0
DA:527,71
DA:528,0
DA:530,71
DA:532,71
DA:535,71
DA:537,71
DA:538,0
DA:539,71
DA:540,0
DA:542,71
DA:544,71
DA:545,71
DA:546,71
DA:547,71
DA:548,71
DA:549,71
DA:550,71
DA:551,71
DA:552,71
DA:553,85
DA:554,71
DA:556,71
DA:559,0
DA:560,0
DA:561,0
DA:562,0
DA:564,13
DA:565,13
DA:566,13
DA:567,13
DA:568,1
DA:570,12
DA:572,13
DA:573,13
DA:574,13
DA:575,13
DA:578,350895
DA:579,350895
DA:580,350895
DA:581,350895
DA:582,350895
DA:583,350895
DA:584,4039395
DA:585,3688500
DA:587,350895
DA:588,350895
DA:589,350895
DA:592,348694
DA:593,348694
DA:594,348694
DA:595,348694
DA:596,348694
DA:597,348694
DA:598,348694
DA:599,348694
DA:600,348694
DA:601,159801
DA:602,2362051
DA:603,2202250
DA:606,348694
DA:607,1647878
DA:608,1299184
DA:609,0
DA:610,0
DA:611,1299184
DA:612,0
DA:613,0
DA:615,1299184
DA:616,1299184
DA:619,348694
DA:622,348694
DA:623,348694
DA:624,348694
DA:625,348694
DA:626,0
DA:627,0
DA:628,0
DA:629,0
DA:630,0
DA:633,348694
DA:634,131107
DA:635,131107
DA:636,131107
DA:637,217587
DA:638,53281
DA:639,53281
DA:640,53281
DA:641,164306
DA:642,0
DA:643,0
DA:645,348694
DA:648,71
DA:649,71
DA:650,71
DA:651,71
DA:652,12
DA:653,12
DA:654,12
DA:655,0
DA:658,71
DA:659,71
DA:660,71
DA:661,71
DA:662,71
DA:663,71
DA:664,59
DA:665,59
DA:666,0
DA:667,0
DA:668,0
DA:669,0
DA:670,59
DA:671,34
DA:672,20
DA:676,71
DA:679,14
DA:680,14
DA:681,14
DA:682,28
DA:683,18
DA:685,30
DA:686,20
DA:688,4
DA:689,24
DA:690,20
DA:692,4
DA:693,0
DA:696,14
DA:699,71
DA:700,71
DA:701,71
DA:702,71
DA:703,23
DA:704,94
DA:705,71
DA:706,71
DA:707,71
DA:710,59
DA:711,59
DA:712,59
DA:713,59
DA:714,59
DA:715,438
DA:716,379
DA:717,379
DA:718,379
DA:719,379
DA:720,379
DA:721,379
DA:722,351
DA:723,351
DA:724,28
DA:725,0
DA:726,28
DA:728,0
DA:730,379
DA:731,59
DA:732,59
DA:733,13
DA:734,13
DA:737,379
DA:738,379
DA:739,379
DA:741,59
DA:744,13
DA:745,13
DA:746,42
DA:747,29
DA:748,2
DA:749,2
DA:750,2
DA:751,2
DA:753,27
DA:756,13
DA:757,11
DA:759,13
DA:760,13
DA:761,2
DA:762,2
DA:763,2
DA:765,13
DA:768,14
DA:769,14
DA:770,14
DA:771,14
DA:772,14
DA:773,14
DA:774,14
DA:775,11
DA:777,14
DA:778,14
DA:781,14
DA:782,14
DA:783,11
DA:785,3
DA:786,3
DA:787,3
DA:788,3
DA:789,3
DA:790,10
DA:791,7
DA:793,3
DA:794,6
DA:795,3
DA:796,2
DA:798,1
DA:801,3
DA:802,2
DA:804,3
DA:805,3
DA:806,3
DA:807,3
DA:808,3
DA:810,14
DA:813,11
DA:814,11
DA:815,15
DA:816,4
DA:818,11
DA:819,9
DA:820,51
DA:821,42
DA:823,9
DA:824,3
DA:825,9
DA:826,6
DA:829,18
DA:830,12
DA:834,2
DA:835,2
DA:836,2
DA:837,2
DA:838,4
DA:839,2
DA:841,6
DA:842,4
DA:845,11
DA:848,697006
DA:849,697006
DA:850,697006
DA:851,131274
DA:852,131274
DA:854,3294891
DA:855,2597885
DA:856,2597885
DA:858,697006
DA:861,348325
DA:862,348325
DA:863,83949
DA:864,83949
DA:865,83949
DA:866,83949
DA:867,83949
DA:870,348325
DA:873,13
DA:875,13
DA:876,13
DA:877,13
DA:878,13
DA:879,43
DA:880,30
DA:881,30
DA:882,30
DA:883,30
DA:884,30
DA:885,30
DA:886,30
DA:887,27
DA:888,3
DA:889,24
DA:890,11
DA:891,13
DA:892,1
DA:893,12
DA:894,3
DA:897,30
DA:898,1
DA:900,30
DA:901,30
DA:902,30
DA:903,8
DA:905,30
DA:907,13
DA:908,13
DA:911,30
DA:912,30
DA:913,30
DA:914,30
DA:915,30
DA:916,22
DA:917,22
DA:918,64
DA:919,42
DA:920,42
DA:921,42
DA:923,22
DA:924,22
DA:925,22
DA:926,22
DA:928,8
DA:930,30
DA:931,30
DA:934,42
DA:935,42
DA:936,42
DA:937,42
DA:938,42
DA:939,42
DA:940,42
DA:941,42
DA:942,42
DA:943,8
DA:944,34
DA:945,12
DA:946,12
DA:947,12
DA:948,12
DA:949,12
DA:950,22
DA:951,22
DA:952,22
DA:953,22
DA:954,22
DA:955,22
DA:956,22
DA:957,14
DA:958,14
DA:959,14
DA:962,0
DA:964,42
DA:967,3
DA:968,3
DA:969,3
DA:970,3
DA:972,3
DA:976,11
DA:977,11
DA:978,11
DA:979,11
DA:980,11
DA:981,11
DA:982,11
DA:983,11
DA:984,11
DA:985,11
DA:986,11
DA:987,7
DA:988,7
DA:989,7
DA:991,0
DA:992,0
DA:994,4
DA:995,1
DA:996,1
DA:997,1
DA:999,0
DA:1000,0
DA:1003,3
DA:1004,3
DA:1005,3
DA:1007,0
DA:1008,0
DA:1012,11
DA:1015,1
DA:1016,1
DA:1017,1
DA:1018,1
DA:1019,1
DA:1020,1
DA:1021,1
DA:1022,1
DA:1023,1
DA:1024,1
DA:1025,0
DA:1026,0
DA:1027,1
DA:1028,1
DA:1029,1
DA:1031,0
DA:1032,0
DA:1035,1
DA:1038,3
DA:1039,3
DA:1040,3
DA:1041,3
DA:1042,18
DA:1043,15
DA:1044,15
DA:1046,3
DA:1047,3
DA:1048,3
DA:1049,0
DA:1050,0
DA:1052,3
DA:1053,3
DA:1056,3
DA:1059,1
DA:1060,1
DA:1061,1
DA:1062,1
DA:1064,1
DA:1066,8
DA:1067,8
DA:1068,8
DA:1069,8
DA:1070,23
DA:1071,15
DA:1072,13
DA:1074,2
DA:1077,8
DA:1078,8
DA:1079,8
DA:1080,8
DA:1081,8
DA:1084,15
DA:1085,15
DA:1086,15
DA:1087,15
DA:1088,15
DA:1089,15
DA:1090,0
DA:1091,0
DA:1093,15
DA:1094,15
DA:1095,15
DA:1096,96
DA:1097,81
DA:1098,9
DA:1100,72
DA:1103,15
DA:1104,15
DA:1105,87
DA:1106,72
DA:1107,72
DA:1108,72
DA:1109,72
DA:1111,15
DA:1114,1
DA:1115,1
DA:1116,1
DA:1117,1
DA:1118,4
DA:1119,3
DA:1121,1
DA:1122,4
DA:1123,3
DA:1124,3
DA:1125,3
DA:1126,3
DA:1129,1
DA:1130,1
DA:1131,1
DA:1132,1
DA:1133,1
DA:1134,8
DA:1135,7
DA:1137,1
DA:1138,8
DA:1139,7
DA:1140,7
DA:1141,7
DA:1144,1
DA:1145,0
DA:1146,0
DA:1147,0
DA:1148,0
DA:1150,1
DA:1152,1
DA:1155,60
DA:1156,60
DA:1157,60
DA:1158,83
DA:1159,23
DA:1161,60
DA:1164,350920
DA:1165,350920
DA:1166,350920
DA:1167,350920
DA:1170,350917
DA:1171,350917
DA:1172,350917
DA:1174,350917
end_of_record
