TN:test
SF:/home/il/Рабочий стол/suzannpi/C4_s21_math-2/src/s21_math.c
FN:6,s21_abs
FNDA:9,s21_abs
FN:14,s21_acos
FNDA:97,s21_acos
FN:27,s21_asin
FNDA:126,s21_asin
FN:46,s21_atan
FNDA:135,s21_atan
FN:71,s21_atan_1to1
FNDA:124,s21_atan_1to1
FN:83,s21_ceil
FNDA:6,s21_ceil
FN:101,s21_cos
FNDA:23,s21_cos
FN:119,s21_exp
FNDA:1215,s21_exp
FN:140,s21_fabs
FNDA:22637,s21_fabs
FN:148,s21_floor
FNDA:8,s21_floor
FN:165,s21_fmod
FNDA:80,s21_fmod
FN:178,s21_log
FNDA:21,s21_log
FN:197,s21_pow
FNDA:37,s21_pow
FN:221,s21_pown
FNDA:9,s21_pown
FN:235,s21_sin
FNDA:30,s21_sin
FN:259,s21_sqrt
FNDA:120,s21_sqrt
FN:280,s21_tan
FNDA:22,s21_tan
FN:296,s21_checkP
FNDA:172,s21_checkP
FN:304,s21_fact
FNDA:18000,s21_fact
DA:6,9
DA:7,9
DA:8,3
DA:10,9
DA:14,97
DA:16,97
DA:17,2
DA:18,95
DA:19,89
DA:21,6
DA:23,97
DA:27,126
DA:29,126
DA:30,3
DA:31,123
DA:32,1
DA:33,122
DA:34,2
DA:35,120
DA:36,7
DA:37,113
DA:38,109
DA:40,4
DA:42,126
DA:46,135
DA:47,135
DA:48,135
DA:49,3
DA:50,132
DA:51,1
DA:52,131
DA:53,1
DA:54,130
DA:55,1
DA:56,129
DA:57,1
DA:58,128
DA:59,4
DA:60,4
DA:61,4
DA:62,124
DA:63,11
DA:64,11
DA:66,113
DA:68,135
DA:71,124
DA:72,124
DA:73,124
DA:74,2922
DA:75,2798
DA:76,2798
DA:77,2798
DA:79,124
DA:83,6
DA:85,6
DA:86,1
DA:87,5
DA:88,2
DA:89,1
DA:91,1
DA:92,3
DA:93,1
DA:95,2
DA:97,6
DA:101,23
DA:102,23
DA:103,23
DA:104,23
DA:105,23
DA:106,4
DA:107,19
DA:108,5
DA:110,112
DA:111,98
DA:112,98
DA:115,23
DA:119,1215
DA:120,1215
DA:121,1215
DA:122,1
DA:123,1214
DA:124,101
DA:125,1113
DA:126,3
DA:127,1110
DA:128,112
DA:130,998
DA:131,18923
DA:132,17925
DA:133,17925
DA:136,1215
DA:140,22637
DA:141,22637
DA:142,3538
DA:144,22637
DA:148,8
DA:150,8
DA:151,1
DA:152,7
DA:153,1
DA:154,6
DA:155,1
DA:156,5
DA:157,4
DA:159,1
DA:161,8
DA:165,80
DA:167,80
DA:168,10
DA:169,70
DA:170,8
DA:172,62
DA:174,80
DA:178,21
DA:179,21
DA:180,21
DA:181,5
DA:182,16
DA:183,1
DA:184,15
DA:185,3
DA:187,1212
DA:188,1200
DA:189,1200
DA:191,12
DA:193,21
DA:197,37
DA:199,37
DA:200,5
DA:201,32
DA:202,5
DA:203,52
DA:204,53
DA:205,39
DA:206,5
DA:207,22
DA:208,5
DA:209,17
DA:210,1
DA:211,16
DA:212,3
DA:213,13
DA:214,9
DA:216,4
DA:218,37
DA:221,9
DA:222,9
DA:223,9
DA:224,33
DA:225,25
DA:227,1
DA:228,4
DA:229,3
DA:232,9
DA:235,30
DA:236,30
DA:237,30
DA:238,30
DA:239,1
DA:240,29
DA:241,2
DA:242,27
DA:243,2
DA:244,25
DA:245,7
DA:247,18
DA:248,18018
DA:249,18000
DA:250,18000
DA:251,18000
DA:252,18000
DA:255,30
DA:259,120
DA:261,120
DA:262,120
DA:263,120
DA:264,2
DA:265,118
DA:266,1
DA:267,117
DA:268,1
DA:271,502
DA:272,502
DA:273,502
DA:274,116
DA:276,120
DA:280,22
DA:282,22
DA:283,1
DA:284,21
DA:285,1
DA:286,20
DA:287,1
DA:288,19
DA:289,1
DA:291,18
DA:293,22
DA:296,172
DA:297,172
DA:298,172
DA:299,5
DA:301,172
DA:304,18000
DA:305,18000
DA:306,18018000
DA:307,18000000
DA:309,18000
end_of_record
TN:test
SF:/home/il/Рабочий стол/suzannpi/C4_s21_math-2/src/test.check
FN:7,sintest_fn
FNDA:1,sintest_fn
FN:25,sqrttest_fn
FNDA:1,sqrttest_fn
FN:40,tantest_fn
FNDA:1,tantest_fn
FN:67,abtest_fn
FNDA:1,abtest_fn
FN:72,fabstest_fn
FNDA:1,fabstest_fn
FN:77,floortest_fn
FNDA:1,floortest_fn
FN:87,fmodtest_fn
FNDA:1,fmodtest_fn
FN:106,logtest_fn
FNDA:1,logtest_fn
FN:126,powtest_fn
FNDA:1,powtest_fn
FN:165,exptest_fn
FNDA:1,exptest_fn
FN:179,ceiltest_fn
FNDA:1,ceiltest_fn
FN:187,costest_fn
FNDA:1,costest_fn
FN:194,s21_asintest_fn
FNDA:1,s21_asintest_fn
FN:223,s21_acostest_fn
FNDA:1,s21_acostest_fn
FN:257,s21_abs_1_fn
FNDA:1,s21_abs_1_fn
FN:271,s21_atantest_fn
FNDA:1,s21_atantest_fn
FN:309,main
FNDA:17,main
DA:7,1
DA:8,1
DA:9,1
DA:10,1
DA:11,1
DA:12,1
DA:13,1
DA:14,1
DA:15,1
DA:16,1
DA:17,1
DA:18,1
DA:19,1
DA:22,1
DA:23,1
DA:24,1
DA:25,2
DA:26,1
DA:27,1
DA:28,1
DA:29,1
DA:30,1
DA:31,1
DA:32,1
DA:33,1
DA:34,1
DA:37,1
DA:38,1
DA:39,1
DA:40,2
DA:41,1
DA:42,1
DA:43,1
DA:45,1
DA:46,1
DA:47,1
DA:48,1
DA:50,1
DA:51,1
DA:52,1
DA:53,1
DA:54,1
DA:55,1
DA:56,1
DA:57,1
DA:58,1
DA:59,1
DA:60,1
DA:62,1
DA:64,1
DA:65,1
DA:66,1
DA:67,2
DA:69,1
DA:70,1
DA:71,1
DA:72,2
DA:74,1
DA:75,1
DA:76,1
DA:77,2
DA:78,1
DA:79,1
DA:80,1
DA:81,1
DA:82,1
DA:84,1
DA:85,1
DA:86,1
DA:87,2
DA:88,1
DA:89,1
DA:90,1
DA:91,1
DA:92,1
DA:93,1
DA:94,1
DA:95,1
DA:96,1
DA:97,1
DA:98,1
DA:99,1
DA:100,1
DA:101,1
DA:103,1
DA:104,1
DA:105,1
DA:106,2
DA:107,1
DA:108,1
DA:109,1
DA:110,1
DA:111,1
DA:112,1
DA:113,1
DA:114,1
DA:115,1
DA:116,1
DA:117,1
DA:118,1
DA:119,1
DA:120,1
DA:121,1
DA:123,1
DA:124,1
DA:125,1
DA:126,2
DA:127,1
DA:128,1
DA:129,1
DA:130,1
DA:131,1
DA:132,1
DA:133,1
DA:134,1
DA:135,1
DA:136,1
DA:137,1
DA:138,1
DA:139,1
DA:140,1
DA:141,1
DA:142,1
DA:143,1
DA:144,1
DA:145,1
DA:146,1
DA:147,1
DA:148,1
DA:149,1
DA:150,1
DA:151,1
DA:152,1
DA:153,1
DA:154,1
DA:155,1
DA:156,1
DA:157,1
DA:158,1
DA:159,1
DA:160,1
DA:162,1
DA:163,1
DA:164,1
DA:165,2
DA:166,1
DA:167,1
DA:168,1
DA:169,1
DA:170,1
DA:171,1
DA:172,1
DA:173,1
DA:174,1
DA:176,1
DA:177,1
DA:178,1
DA:179,2
DA:180,1
DA:181,1
DA:182,1
DA:184,1
DA:185,1
DA:186,1
DA:187,2
DA:188,1
DA:189,1
DA:191,1
DA:192,1
DA:193,1
DA:194,1
DA:195,1
DA:196,1
DA:197,1
DA:198,1
DA:199,1
DA:200,1
DA:201,1
DA:202,1
DA:203,1
DA:204,1
DA:205,1
DA:206,1
DA:207,1
DA:208,1
DA:209,1
DA:210,1
DA:211,1
DA:212,1
DA:213,1
DA:214,27
DA:215,26
DA:216,26
DA:217,26
DA:220,1
DA:221,1
DA:222,1
DA:223,1
DA:224,1
DA:225,1
DA:226,1
DA:227,1
DA:228,1
DA:229,1
DA:230,1
DA:231,1
DA:232,1
DA:233,1
DA:234,1
DA:235,1
DA:236,1
DA:237,1
DA:238,1
DA:239,1
DA:240,1
DA:241,1
DA:242,1
DA:243,21
DA:244,20
DA:245,20
DA:246,20
DA:248,67
DA:249,66
DA:250,66
DA:251,66
DA:254,1
DA:255,1
DA:256,1
DA:257,1
DA:258,1
DA:259,1
DA:260,1
DA:261,1
DA:262,1
DA:263,1
DA:264,1
DA:265,1
DA:266,1
DA:268,1
DA:269,1
DA:270,1
DA:271,1
DA:272,1
DA:273,1
DA:274,1
DA:275,1
DA:276,1
DA:277,1
DA:278,1
DA:279,1
DA:280,1
DA:281,1
DA:282,1
DA:283,1
DA:284,1
DA:285,1
DA:286,1
DA:287,1
DA:288,1
DA:289,1
DA:290,1
DA:291,1
DA:292,1
DA:293,1
DA:294,1
DA:295,1
DA:296,1
DA:297,7
DA:298,6
DA:299,6
DA:300,6
DA:302,1
DA:303,1
DA:304,1
DA:305,1
DA:306,1
DA:309,17
DA:311,17
DA:312,17
DA:313,17
DA:316,17
DA:317,17
DA:318,17
DA:319,17
DA:320,17
DA:321,17
DA:322,17
DA:323,17
DA:324,17
DA:325,17
DA:326,17
DA:327,17
DA:328,17
DA:329,17
DA:330,17
DA:331,17
DA:332,17
DA:334,17
DA:335,1
DA:336,1
DA:338,1
end_of_record
