TN:test
SF:/home/il/Рабочий стол/cv/c_projects/smart_calc/tests/tests_credit_deposit.c
FN:5,credit_test_fn
FNDA:1,credit_test_fn
FN:34,deposit_test_fn
FNDA:1,deposit_test_fn
FN:114,tests_credit
FNDA:3,tests_credit
FN:127,tests_deposit
FNDA:2,tests_deposit
DA:5,1
DA:6,1
DA:7,1
DA:12,1
DA:13,1
DA:14,1
DA:15,1
DA:16,1
DA:17,1
DA:19,1
DA:24,1
DA:25,1
DA:26,1
DA:27,1
DA:28,1
DA:29,1
DA:30,1
DA:31,1
DA:34,1
DA:35,1
DA:36,1
DA:46,1
DA:47,1
DA:48,1
DA:49,1
DA:50,1
DA:51,1
DA:52,1
DA:53,1
DA:55,1
DA:65,1
DA:66,1
DA:67,1
DA:68,1
DA:69,1
DA:70,1
DA:71,1
DA:72,1
DA:74,1
DA:84,1
DA:85,1
DA:86,1
DA:87,1
DA:88,1
DA:89,1
DA:90,1
DA:91,1
DA:93,1
DA:103,1
DA:104,1
DA:105,1
DA:106,1
DA:107,1
DA:108,1
DA:109,1
DA:110,1
DA:111,1
DA:114,3
DA:115,3
DA:116,3
DA:117,3
DA:119,3
DA:120,3
DA:122,3
DA:123,2
DA:124,2
DA:125,2
DA:127,2
DA:128,2
DA:129,2
DA:130,2
DA:132,2
DA:133,2
DA:135,2
DA:136,1
DA:137,1
DA:138,1
end_of_record
TN:test
SF:/home/il/Рабочий стол/cv/c_projects/smart_calc/backend/s21_deposit_backend.c
FN:3,calcDeposit
FNDA:4,calcDeposit
FN:15,getRateGain
FNDA:4,getRateGain
FN:47,checkTax
FNDA:5,checkTax
DA:3,4
DA:4,4
DA:5,4
DA:6,4
DA:7,4
DA:8,1
DA:10,4
DA:11,4
DA:12,4
DA:13,4
DA:15,4
DA:16,4
DA:17,4
DA:18,4
DA:19,4
DA:20,4
DA:21,4
DA:22,4
DA:23,4
DA:24,4
DA:25,4
DA:26,4
DA:27,4
DA:28,4
DA:29,4
DA:30,4
DA:31,1982
DA:32,1978
DA:33,1978
DA:34,3956
DA:35,1978
DA:36,1978
DA:37,1978
DA:39,1974
DA:40,1978
DA:41,1978
DA:43,4
DA:44,4
DA:47,5
DA:48,5
DA:49,2
DA:51,5
end_of_record
TN:test
SF:/home/il/Рабочий стол/cv/c_projects/smart_calc/tests/tests.c
FN:7,ordinary_test_fn
FNDA:1,ordinary_test_fn
FN:114,vars_x_test_fn
FNDA:1,vars_x_test_fn
FN:130,main
FNDA:5,main
DA:7,1
DA:8,1
DA:9,1
DA:10,1
DA:12,1
DA:13,1
DA:14,1
DA:15,1
DA:16,1
DA:17,1
DA:19,1
DA:20,1
DA:22,1
DA:23,1
DA:24,1
DA:25,1
DA:27,1
DA:28,1
DA:30,1
DA:31,1
DA:32,1
DA:34,1
DA:35,1
DA:37,1
DA:38,1
DA:39,1
DA:40,1
DA:42,1
DA:43,1
DA:44,1
DA:45,1
DA:47,1
DA:48,1
DA:49,1
DA:50,1
DA:51,1
DA:52,1
DA:53,1
DA:55,1
DA:56,1
DA:57,1
DA:58,1
DA:59,1
DA:60,1
DA:61,1
DA:62,1
DA:64,1
DA:65,1
DA:66,1
DA:67,1
DA:68,1
DA:70,1
DA:71,1
DA:72,1
DA:73,1
DA:74,1
DA:75,1
DA:76,1
DA:78,1
DA:79,1
DA:80,1
DA:81,1
DA:82,1
DA:83,1
DA:85,1
DA:86,1
DA:87,1
DA:88,1
DA:89,1
DA:90,1
DA:91,1
DA:93,1
DA:94,1
DA:95,1
DA:96,1
DA:97,1
DA:98,1
DA:99,1
DA:101,1
DA:102,1
DA:103,1
DA:104,1
DA:105,1
DA:106,1
DA:107,1
DA:108,1
DA:109,1
DA:110,1
DA:111,1
DA:114,1
DA:115,1
DA:116,1
DA:118,1
DA:119,1
DA:120,1
DA:121,1
DA:122,1
DA:124,1
DA:125,1
DA:126,1
DA:127,1
DA:130,5
DA:131,5
DA:132,5
DA:133,5
DA:136,5
DA:137,5
DA:138,5
DA:140,5
DA:141,3
DA:142,3
DA:143,3
DA:144,2
DA:145,1
end_of_record
TN:test
SF:/home/il/Рабочий стол/cv/c_projects/smart_calc/backend/s21_lexems.c
FN:3,lexemsSeparate
FNDA:14,lexemsSeparate
FN:30,lexemsAddNum
FNDA:63,lexemsAddNum
FN:50,lexemsAddFun
FNDA:14,lexemsAddFun
FN:87,lexemsAddSym
FNDA:102,lexemsAddSym
FN:110,lexemsAdd
FNDA:181,lexemsAdd
FN:129,strToDouble
FNDA:62,strToDouble
FN:142,lexemsRemoveCurrent
FNDA:162,lexemsRemoveCurrent
FN:154,lexemsPrint
FNDA:1,lexemsPrint
FN:175,lexemsCopy
FNDA:1,lexemsCopy
FN:196,getLexemsLen
FNDA:26,getLexemsLen
FN:206,lexemsDelete
FNDA:15,lexemsDelete
DA:3,14
DA:5,14
DA:6,14
DA:7,14
DA:8,196
DA:9,182
DA:10,63
DA:11,119
DA:12,16
DA:13,2
DA:14,2
DA:15,2
DA:17,14
DA:19,103
DA:20,102
DA:21,1
DA:22,1
DA:24,0
DA:27,14
DA:30,63
DA:32,63
DA:33,175
DA:34,112
DA:35,112
DA:36,8
DA:37,8
DA:39,0
DA:43,63
DA:44,63
DA:45,62
DA:47,63
DA:50,14
DA:52,14
DA:53,14
DA:54,61
DA:55,47
DA:57,14
DA:58,14
DA:59,3
DA:60,11
DA:61,1
DA:62,10
DA:63,1
DA:64,9
DA:65,1
DA:66,8
DA:67,1
DA:68,7
DA:69,1
DA:70,6
DA:71,3
DA:72,3
DA:73,1
DA:74,2
DA:75,1
DA:76,1
DA:77,1
DA:79,14
DA:80,0
DA:82,14
DA:84,14
DA:87,102
DA:88,102
DA:89,102
DA:90,102
DA:91,24
DA:92,78
DA:93,24
DA:94,54
DA:95,1
DA:96,53
DA:97,20
DA:98,33
DA:99,7
DA:100,26
DA:101,10
DA:102,16
DA:103,16
DA:105,102
DA:106,102
DA:107,102
DA:110,181
DA:111,181
DA:112,181
DA:113,181
DA:114,181
DA:115,181
DA:116,181
DA:117,181
DA:118,1813
DA:119,1632
DA:121,181
DA:122,181
DA:124,0
DA:126,181
DA:129,62
DA:130,62
DA:131,62
DA:132,62
DA:133,62
DA:134,62
DA:135,62
DA:137,0
DA:139,62
DA:142,162
DA:143,162
DA:144,162
DA:145,143
DA:146,143
DA:148,19
DA:150,162
DA:151,162
DA:154,1
DA:155,1
DA:156,1
DA:157,1
DA:161,3
DA:162,2
DA:163,1
DA:165,1
DA:167,2
DA:168,1
DA:170,1
DA:173,1
DA:175,1
DA:176,1
DA:177,1
DA:178,1
DA:179,1
DA:180,1
DA:181,3
DA:182,2
DA:183,2
DA:184,2
DA:185,2
DA:186,1
DA:187,1
DA:191,0
DA:193,1
DA:196,26
DA:197,26
DA:198,26
DA:199,90
DA:200,64
DA:201,64
DA:203,26
DA:206,15
DA:207,49
DA:208,34
DA:209,34
DA:210,34
DA:212,15
end_of_record
TN:test
SF:/home/il/Рабочий стол/cv/c_projects/smart_calc/backend/s21_credit_backend.c
FN:3,calcCredit
FNDA:2,calcCredit
FN:29,calcDif
FNDA:1,calcDif
DA:3,2
DA:4,2
DA:5,2
DA:6,2
DA:7,2
DA:8,2
DA:10,1
DA:11,1
DA:12,1
DA:13,1
DA:14,1
DA:15,1
DA:17,1
DA:18,1
DA:19,1
DA:20,1
DA:21,1
DA:22,1
DA:24,2
DA:25,2
DA:26,2
DA:27,2
DA:29,1
DA:30,1
DA:31,1
DA:32,15
DA:33,14
DA:34,14
DA:35,1
DA:36,13
DA:37,1
DA:39,14
DA:40,14
DA:42,1
end_of_record
TN:test
SF:/home/il/Рабочий стол/cv/c_projects/smart_calc/backend/s21_calculations.c
FN:3,getLexemResult
FNDA:14,getLexemResult
FN:20,getResult
FNDA:12,getResult
FN:28,checkCalcDone
FNDA:12,checkCalcDone
FN:38,parse
FNDA:14,parse
FN:49,getMostInnerPairPars
FNDA:38,getMostInnerPairPars
FN:62,calcParenthesis
FNDA:24,calcParenthesis
FN:74,calc
FNDA:38,calc
FN:87,removeParenthesis
FNDA:24,removeParenthesis
FN:101,isCorrectOperation
FNDA:54,isCorrectOperation
FN:119,isOperation
FNDA:108,isOperation
FN:121,lexemsApplyOperation
FNDA:54,lexemsApplyOperation
FN:155,lexemsApplyFunction
FNDA:13,lexemsApplyFunction
FN:186,changeX
FNDA:1,changeX
DA:3,14
DA:4,14
DA:5,14
DA:6,14
DA:7,14
DA:8,14
DA:9,14
DA:10,12
DA:11,12
DA:14,0
DA:17,14
DA:20,12
DA:21,12
DA:22,12
DA:23,11
DA:25,12
DA:28,12
DA:29,12
DA:30,12
DA:31,10
DA:32,0
DA:35,12
DA:38,14
DA:39,14
DA:40,38
DA:41,24
DA:42,24
DA:44,14
DA:45,14
DA:46,14
DA:49,38
DA:50,38
DA:51,38
DA:52,305
DA:53,267
DA:54,30
DA:56,267
DA:58,38
DA:59,38
DA:62,24
DA:63,24
DA:64,24
DA:65,24
DA:66,24
DA:67,24
DA:68,13
DA:71,24
DA:74,38
DA:75,254
DA:76,216
DA:77,1008
DA:78,792
DA:79,54
DA:81,792
DA:84,38
DA:87,24
DA:88,24
DA:89,24
DA:90,24
DA:91,24
DA:92,24
DA:94,24
DA:95,24
DA:98,24
DA:101,54
DA:102,54
DA:103,54
DA:104,54
DA:105,6
DA:106,54
DA:107,54
DA:108,54
DA:109,54
DA:113,54
DA:116,54
DA:119,108
DA:121,54
DA:122,54
DA:124,54
DA:125,0
DA:127,54
DA:128,1
DA:129,53
DA:130,19
DA:131,34
DA:132,7
DA:133,27
DA:134,1
DA:135,26
DA:136,10
DA:137,16
DA:138,16
DA:139,6
DA:140,6
DA:142,10
DA:145,54
DA:146,48
DA:148,54
DA:149,54
DA:152,54
DA:155,13
DA:156,13
DA:157,13
DA:158,1
DA:159,12
DA:160,0
DA:162,12
DA:163,3
DA:164,9
DA:165,1
DA:166,8
DA:167,1
DA:168,7
DA:169,1
DA:170,6
DA:171,1
DA:172,5
DA:173,1
DA:174,4
DA:175,2
DA:176,2
DA:177,1
DA:178,1
DA:179,1
DA:181,12
DA:183,13
DA:186,1
DA:187,1
DA:188,6
DA:189,5
DA:190,2
DA:191,2
DA:193,3
DA:196,1
end_of_record
